<?xml version="1.0" encoding="UTF-8"?>
<testng-results ignored="0" total="1" passed="1" failed="0" skipped="0">
  <reporter-output>
  </reporter-output>
  <suite started-at="2022-12-29T14:10:06 EST" name="Surefire suite" finished-at="2022-12-29T14:10:19 EST" duration-ms="13186">
    <groups>
      <group name="cucumber">
        <method signature="AbstractTestNGCucumberTests.feature(cucumber.api.testng.CucumberFeatureWrapper)[pri:0, instance:TestRunner1.TestRunnerClass1@2053d869]" name="feature" class="cucumber.api.testng.AbstractTestNGCucumberTests"/>
      </group> <!-- cucumber -->
    </groups>
    <test started-at="2022-12-29T14:10:06 EST" name="Surefire test" finished-at="2022-12-29T14:10:19 EST" duration-ms="13186">
      <class name="TestRunner1.TestRunnerClass1">
        <test-method is-config="true" signature="metaSetup()[pri:0, instance:TestRunner1.TestRunnerClass1@2053d869]" started-at="2022-12-29T14:10:06 EST" name="metaSetup" finished-at="2022-12-29T14:10:08 EST" duration-ms="1811" status="PASS">
          <reporter-output>
          </reporter-output>
        </test-method> <!-- metaSetup -->
        <test-method is-config="true" signature="setUpClass()[pri:0, instance:TestRunner1.TestRunnerClass1@2053d869]" started-at="2022-12-29T14:10:08 EST" name="setUpClass" finished-at="2022-12-29T14:10:08 EST" duration-ms="129" status="PASS">
          <reporter-output>
          </reporter-output>
        </test-method> <!-- setUpClass -->
        <test-method signature="feature(cucumber.api.testng.CucumberFeatureWrapper)[pri:0, instance:TestRunner1.TestRunnerClass1@2053d869]" started-at="2022-12-29T14:10:08 EST" name="feature" description="Runs Cucumber Feature" data-provider="features" finished-at="2022-12-29T14:10:19 EST" duration-ms="10954" status="PASS">
          <params>
            <param index="0">
              <value>
                <![CDATA[This feature is for login functionalities]]>
              </value>
            </param>
          </params>
          <reporter-output>
          </reporter-output>
        </test-method> <!-- feature -->
        <test-method is-config="true" signature="tearDownClass()[pri:0, instance:TestRunner1.TestRunnerClass1@2053d869]" started-at="2022-12-29T14:10:19 EST" name="tearDownClass" finished-at="2022-12-29T14:10:19 EST" duration-ms="5" status="PASS">
          <reporter-output>
          </reporter-output>
        </test-method> <!-- tearDownClass -->
        <test-method is-config="true" signature="metaCloseURL()[pri:0, instance:TestRunner1.TestRunnerClass1@2053d869]" started-at="2022-12-29T14:10:19 EST" name="metaCloseURL" finished-at="2022-12-29T14:10:19 EST" duration-ms="193" status="PASS">
          <reporter-output>
          </reporter-output>
        </test-method> <!-- metaCloseURL -->
      </class> <!-- TestRunner1.TestRunnerClass1 -->
    </test> <!-- Surefire test -->
  </suite> <!-- Surefire suite -->
</testng-results>
